2022-04-30-12-25,49
2022-04-30-12-26,47
2022-04-30-12-27,46
2022-04-30-12-28,47
2022-04-30-12-29,45
2022-04-30-12-30,46
2022-04-30-12-31,45
2022-04-30-12-32,46
2022-04-30-12-33,45
2022-04-30-12-34,48
2022-04-30-12-35,46
2022-04-30-12-36,48
2022-04-30-12-37,51
2022-04-30-12-38,50
2022-04-30-12-39,50
2022-04-30-12-40,49
2022-04-30-12-41,47
2022-04-30-12-42,42
2022-04-30-12-43,42
2022-04-30-12-44,46
2022-04-30-12-45,47
2022-04-30-12-46,47
2022-04-30-12-47,48
2022-04-30-12-48,48
2022-04-30-12-49,48
2022-04-30-12-50,46
2022-04-30-12-51,44
2022-04-30-12-52,44
2022-04-30-12-53,44
2022-04-30-12-54,44
2022-04-30-12-55,43
2022-04-30-12-56,43
2022-04-30-12-57,43
2022-04-30-12-58,44
2022-04-30-12-59,44
2022-04-30-13-00,45
2022-04-30-13-01,45
2022-04-30-13-02,43
2022-04-30-13-03,42
2022-04-30-13-04,40
2022-04-30-13-05,38
2022-04-30-13-06,38
2022-04-30-13-07,36
2022-04-30-13-08,37
2022-04-30-13-09,37
2022-04-30-13-10,36
2022-04-30-13-11,37
2022-04-30-13-12,36
2022-04-30-13-13,40
2022-04-30-13-14,40
2022-04-30-13-15,41
2022-04-30-13-16,42
2022-04-30-13-17,41
2022-04-30-13-18,39
2022-04-30-13-19,40
2022-04-30-13-20,41
2022-04-30-13-21,41
2022-04-30-13-22,43
2022-04-30-13-23,41
2022-04-30-13-24,40
2022-04-30-13-25,40
2022-04-30-13-26,41
2022-04-30-13-27,41
2022-04-30-13-28,39
2022-04-30-13-29,40
2022-04-30-13-30,42
2022-04-30-13-31,44
2022-04-30-13-32,44
2022-04-30-13-33,44
2022-04-30-13-34,45
2022-04-30-13-35,45
2022-04-30-13-36,44
2022-04-30-13-37,42
2022-04-30-13-38,42
2022-04-30-13-39,44
2022-04-30-13-40,44
2022-04-30-13-41,45
2022-04-30-13-42,45
2022-04-30-13-43,46
2022-04-30-13-44,47
2022-04-30-13-45,47
2022-04-30-13-46,49
2022-04-30-13-47,48
2022-04-30-13-48,52
2022-04-30-13-49,54
2022-04-30-13-50,56
2022-04-30-13-51,56
2022-04-30-13-52,56
2022-04-30-13-53,55
2022-04-30-13-54,55
2022-04-30-13-55,53
2022-04-30-13-56,50
2022-04-30-13-57,50
2022-04-30-13-58,48
2022-04-30-13-59,48
2022-04-30-14-00,49
2022-04-30-14-01,48
2022-04-30-14-02,48
2022-04-30-14-03,48
2022-04-30-14-04,48
2022-04-30-14-05,48
2022-04-30-14-06,46
2022-04-30-14-07,44
2022-04-30-14-08,43
2022-04-30-14-09,43
2022-04-30-14-10,43
2022-04-30-14-11,43
2022-04-30-14-12,43
2022-04-30-14-13,44
2022-04-30-14-14,44
2022-04-30-14-15,46
2022-04-30-14-16,45
2022-04-30-14-17,46
2022-04-30-14-18,45
2022-04-30-14-19,44
2022-04-30-14-20,44
2022-04-30-14-21,47
2022-04-30-14-22,48
2022-04-30-14-23,50
2022-04-30-14-24,50
2022-04-30-14-25,51
2022-04-30-14-26,49
2022-04-30-14-27,48
2022-04-30-14-28,49
2022-04-30-14-29,49
2022-04-30-14-30,50
2022-04-30-14-31,48
2022-04-30-14-32,48
2022-04-30-14-33,50
2022-04-30-14-34,47
2022-04-30-14-35,48
2022-04-30-14-36,47
2022-04-30-14-37,50
2022-04-30-14-38,50
2022-04-30-14-39,46
2022-04-30-14-40,44
2022-04-30-14-41,44
2022-04-30-14-42,46
2022-04-30-14-43,47
2022-04-30-14-44,45
2022-04-30-14-45,46
2022-04-30-14-46,44
2022-04-30-14-47,45
2022-04-30-14-48,45
2022-04-30-14-49,47
2022-04-30-14-50,47
2022-04-30-14-51,45
2022-04-30-14-52,43
2022-04-30-14-53,42
2022-04-30-14-54,41
2022-04-30-14-55,40
2022-04-30-14-56,40
2022-04-30-14-57,40
2022-04-30-14-58,39
2022-04-30-14-59,39
2022-04-30-15-00,40
2022-04-30-15-01,40
2022-04-30-15-02,41
2022-04-30-15-03,41
2022-04-30-15-04,41
2022-04-30-15-05,42
2022-04-30-15-06,43
2022-04-30-15-07,44
2022-04-30-15-08,43
2022-04-30-15-09,42
2022-04-30-15-10,45
2022-04-30-15-11,43
2022-04-30-15-12,44
2022-04-30-15-13,44
2022-04-30-15-14,42
2022-04-30-15-15,41
2022-04-30-15-16,41
2022-04-30-15-17,43
2022-04-30-15-18,43
2022-04-30-15-19,45
2022-04-30-15-20,44
2022-04-30-15-21,39
2022-04-30-15-22,39
2022-04-30-15-23,41
2022-04-30-15-24,42
2022-04-30-15-25,41
2022-04-30-15-26,41
2022-04-30-15-27,41
2022-04-30-15-28,40
2022-04-30-15-29,41
2022-04-30-15-30,41
2022-04-30-15-31,42
2022-04-30-15-32,41
2022-04-30-15-33,38
2022-04-30-15-34,37
2022-04-30-15-35,35
2022-04-30-15-36,35
2022-04-30-15-37,36
2022-04-30-15-38,37
2022-04-30-15-39,37
2022-04-30-15-40,37
2022-04-30-15-41,37
2022-04-30-15-42,38
2022-04-30-15-43,37
2022-04-30-15-44,43
2022-04-30-15-45,42
2022-04-30-15-46,42
2022-04-30-15-47,41
2022-04-30-15-48,38
2022-04-30-15-49,35
2022-04-30-15-50,35
2022-04-30-15-51,35
2022-04-30-15-52,34
2022-04-30-15-53,36
2022-04-30-15-54,36
2022-04-30-15-55,35
2022-04-30-15-56,35
2022-04-30-15-57,36
2022-04-30-15-58,36
2022-04-30-15-59,38
2022-04-30-16-00,39
2022-04-30-16-01,38
2022-04-30-16-02,39
2022-04-30-16-03,40
2022-04-30-16-04,40
2022-04-30-16-05,42
2022-04-30-16-06,43
2022-04-30-16-07,43
2022-04-30-16-08,42
2022-04-30-16-09,41
2022-04-30-16-10,41
2022-04-30-16-11,41
2022-04-30-16-12,41
2022-04-30-16-13,42
2022-04-30-16-14,42
2022-04-30-16-15,43
2022-04-30-16-16,40
2022-04-30-16-17,37
2022-04-30-16-18,37
2022-04-30-16-19,37
2022-04-30-16-20,38
2022-04-30-16-21,38
2022-04-30-16-22,38
2022-04-30-16-23,36
2022-04-30-16-24,37
2022-04-30-16-25,36
2022-04-30-16-26,36
2022-04-30-16-27,36
2022-04-30-16-28,38
2022-04-30-16-29,37
2022-04-30-16-30,36
2022-04-30-16-31,37
2022-04-30-16-32,35
2022-04-30-16-33,36
2022-04-30-16-34,36
2022-04-30-16-35,37
2022-04-30-16-36,37
2022-04-30-16-37,38
2022-04-30-16-38,37
2022-04-30-16-39,38
2022-04-30-16-40,39
2022-04-30-16-41,40
2022-04-30-16-42,38
2022-04-30-16-43,38
2022-04-30-16-44,37
2022-04-30-16-45,33
2022-04-30-16-46,32
2022-04-30-16-47,33
2022-04-30-16-48,34
2022-04-30-16-49,34
2022-04-30-16-50,34
2022-04-30-16-51,35
2022-04-30-16-52,35
2022-04-30-16-53,38
2022-04-30-16-54,38
2022-04-30-16-55,36
2022-04-30-16-56,36
2022-04-30-16-57,37
2022-04-30-16-58,37
2022-04-30-16-59,35
2022-04-30-17-00,35
2022-04-30-17-01,35
2022-04-30-17-02,34
2022-04-30-17-03,33
2022-04-30-17-04,33
2022-04-30-17-05,33
2022-04-30-17-06,32
2022-04-30-17-07,32
2022-04-30-17-08,31
2022-04-30-17-09,32
2022-04-30-17-10,33
2022-04-30-17-11,34
2022-04-30-17-12,36
2022-04-30-17-13,36
2022-04-30-17-14,36
2022-04-30-17-15,34
2022-04-30-17-16,35
2022-04-30-17-17,35
2022-04-30-17-18,36
2022-04-30-17-19,36
2022-04-30-17-20,36
2022-04-30-17-21,39
2022-04-30-17-22,40
2022-04-30-17-23,41
2022-04-30-17-24,41
2022-04-30-17-25,40
2022-04-30-17-26,40
2022-04-30-17-27,40
2022-04-30-17-28,40
2022-04-30-17-29,38
2022-04-30-17-30,38
2022-04-30-17-31,38
2022-04-30-17-32,37
2022-04-30-17-33,38
2022-04-30-17-34,36
2022-04-30-17-35,37
2022-04-30-17-36,37
2022-04-30-17-37,37
2022-04-30-17-38,36
2022-04-30-17-39,35
2022-04-30-17-40,35
2022-04-30-17-41,35
2022-04-30-17-42,35
2022-04-30-17-43,35
2022-04-30-17-44,36
2022-04-30-17-45,35
2022-04-30-17-46,34
2022-04-30-17-47,33
2022-04-30-17-48,33
2022-04-30-17-49,34
2022-04-30-17-50,34
2022-04-30-17-51,34
2022-04-30-17-52,33
2022-04-30-17-53,32
2022-04-30-17-54,34
2022-04-30-17-55,34
2022-04-30-17-56,35
2022-04-30-17-57,35
2022-04-30-17-58,33
2022-04-30-17-59,33
2022-04-30-18-00,34
2022-04-30-18-01,35
2022-04-30-18-02,33
2022-04-30-18-03,32
2022-04-30-18-04,33
2022-04-30-18-05,32
2022-04-30-18-06,32
2022-04-30-18-07,31
2022-04-30-18-09,31
2022-04-30-18-10,31
2022-04-30-18-11,30
2022-04-30-18-12,29
2022-04-30-18-13,29
2022-04-30-18-14,28
2022-04-30-18-15,28
2022-04-30-18-16,27
2022-04-30-18-17,27
2022-04-30-18-18,27
2022-04-30-18-19,28
2022-04-30-18-20,28
2022-04-30-18-21,28
2022-04-30-18-22,28
2022-04-30-18-23,26
2022-04-30-18-24,25
2022-04-30-18-25,25
2022-04-30-18-26,26
2022-04-30-18-27,26
2022-04-30-18-28,26
2022-04-30-18-29,26
2022-04-30-18-30,26
2022-04-30-18-31,25
2022-04-30-18-32,25
2022-04-30-18-33,25
2022-04-30-18-34,24
2022-04-30-18-35,24
2022-04-30-18-36,24
2022-04-30-18-37,27
2022-04-30-18-38,28
2022-04-30-18-39,28
2022-04-30-18-40,28
2022-04-30-18-41,28
2022-04-30-18-42,28
2022-04-30-18-43,29
2022-04-30-18-44,28
2022-04-30-18-45,28
2022-04-30-18-46,29
2022-04-30-18-47,30
2022-04-30-18-48,30
2022-04-30-18-49,30
2022-04-30-18-50,32
2022-04-30-18-51,34
2022-04-30-18-52,33
2022-04-30-18-53,33
2022-04-30-18-54,34
2022-04-30-18-55,33
2022-04-30-18-56,35
2022-04-30-18-57,34
2022-04-30-18-58,34
2022-04-30-18-59,32
2022-04-30-19-00,32
2022-04-30-19-01,32
2022-04-30-19-02,32
2022-04-30-19-03,32
2022-04-30-19-04,33
2022-04-30-19-05,33
2022-04-30-19-06,32
2022-04-30-19-07,32
2022-04-30-19-08,34
2022-04-30-19-09,36
2022-04-30-19-10,36
2022-04-30-19-11,36
2022-04-30-19-12,36
2022-04-30-19-13,35
2022-04-30-19-14,35
2022-04-30-19-15,36
2022-04-30-19-16,36
2022-04-30-19-17,34
2022-04-30-19-18,32
2022-04-30-19-19,32
2022-04-30-19-20,31
2022-04-30-19-21,31
2022-04-30-19-22,34
2022-04-30-19-23,35
2022-04-30-19-24,35
2022-04-30-19-25,36
2022-04-30-19-26,37
2022-04-30-19-27,38
2022-04-30-19-28,40
2022-04-30-19-29,39
2022-04-30-19-30,39
2022-04-30-19-31,40
2022-04-30-19-32,40
2022-04-30-19-33,38
2022-04-30-19-34,39
2022-04-30-19-35,40
2022-04-30-19-36,41
2022-04-30-19-37,39
2022-04-30-19-38,36
2022-04-30-19-39,37
2022-04-30-19-40,36
2022-04-30-19-41,35
2022-04-30-19-42,35
2022-04-30-19-43,35
2022-04-30-19-44,36
2022-04-30-19-45,36
2022-04-30-19-46,35
2022-04-30-19-47,35
2022-04-30-19-48,35
2022-04-30-19-49,35
2022-04-30-19-50,33
2022-04-30-19-51,32
2022-04-30-19-52,31
2022-04-30-19-53,31
2022-04-30-19-54,30
2022-04-30-19-55,30
2022-04-30-19-56,27
2022-04-30-19-57,26
2022-04-30-19-58,27
2022-04-30-19-59,27
2022-04-30-20-00,28
2022-04-30-20-01,26
2022-04-30-20-02,28
2022-04-30-20-03,27
2022-04-30-20-04,28
2022-04-30-20-05,28
2022-04-30-20-06,29
2022-04-30-20-07,28
2022-04-30-20-08,32
2022-04-30-20-09,30
2022-04-30-20-10,30
2022-04-30-20-11,30
2022-04-30-20-12,29
2022-04-30-20-13,29
2022-04-30-20-14,29
2022-04-30-20-15,30
2022-04-30-20-16,30
2022-04-30-20-17,29
2022-04-30-20-18,30
2022-04-30-20-19,30
2022-04-30-20-20,31
2022-04-30-20-21,32
2022-04-30-20-22,30
2022-04-30-20-23,30
2022-04-30-20-24,32
2022-04-30-20-25,32
2022-04-30-20-26,33
2022-04-30-20-27,35
2022-04-30-20-28,36
2022-04-30-20-29,36
2022-04-30-20-30,38
2022-04-30-20-31,38
2022-04-30-20-32,41
2022-04-30-20-33,43
2022-04-30-20-34,42
2022-04-30-20-35,42
2022-04-30-20-36,41
2022-04-30-20-37,40
2022-04-30-20-38,42
2022-04-30-20-39,43
2022-04-30-20-40,42
2022-04-30-20-41,42
2022-04-30-20-42,43
2022-04-30-20-43,39
2022-04-30-20-44,37
2022-04-30-20-45,35
2022-04-30-20-46,36
2022-04-30-20-47,38
2022-04-30-20-48,39
2022-04-30-20-49,39
2022-04-30-20-50,39
2022-04-30-20-51,40
2022-04-30-20-52,40
2022-04-30-20-53,40
2022-04-30-20-54,39
2022-04-30-20-55,39
2022-04-30-20-56,39
2022-04-30-20-57,39
2022-04-30-20-58,40
2022-04-30-20-59,40
2022-04-30-21-00,40
2022-04-30-21-01,38
2022-04-30-21-02,38
2022-04-30-21-03,37
2022-04-30-21-04,38
2022-04-30-21-05,39
2022-04-30-21-06,40
2022-04-30-21-07,40
2022-04-30-21-08,41
2022-04-30-21-09,40
2022-04-30-21-10,41
2022-04-30-21-11,42
2022-04-30-21-12,42
2022-04-30-21-13,42
2022-04-30-21-14,40
2022-04-30-21-15,40
2022-04-30-21-16,39
2022-04-30-21-17,39
2022-04-30-21-18,40
2022-04-30-21-19,39
2022-04-30-21-20,39
2022-04-30-21-21,39
2022-04-30-21-22,38
2022-04-30-21-23,37
2022-04-30-21-24,37
2022-04-30-21-25,37
2022-04-30-21-26,36
2022-04-30-21-27,36
2022-04-30-21-28,36
2022-04-30-21-29,35
2022-04-30-21-30,35
2022-04-30-21-31,37
2022-04-30-21-32,39
2022-04-30-21-33,36
2022-04-30-21-34,36
2022-04-30-21-35,37
2022-04-30-21-36,38
2022-04-30-21-37,41
2022-04-30-21-38,40
2022-04-30-21-39,40
2022-04-30-21-40,41
2022-04-30-21-41,42
2022-04-30-21-42,41
2022-04-30-21-43,41
2022-04-30-21-44,41
2022-04-30-21-45,40
2022-04-30-21-46,38
2022-04-30-21-47,39
2022-04-30-21-48,38
2022-04-30-21-49,38
2022-04-30-21-50,38
2022-04-30-21-51,38
2022-04-30-21-52,39
2022-04-30-21-53,38
2022-04-30-21-54,39
2022-04-30-21-55,39
2022-04-30-21-56,39
2022-04-30-21-57,40
2022-04-30-21-58,38
2022-04-30-21-59,39
2022-04-30-22-00,39
2022-04-30-22-01,39
2022-04-30-22-02,40
2022-04-30-22-03,40
2022-04-30-22-04,40
2022-04-30-22-05,38
2022-04-30-22-06,40
2022-04-30-22-07,39
2022-04-30-22-08,39
2022-04-30-22-09,39
2022-04-30-22-10,37
2022-04-30-22-11,36
2022-04-30-22-12,36
2022-04-30-22-13,35
2022-04-30-22-14,36
2022-04-30-22-15,36
2022-04-30-22-16,36
2022-04-30-22-17,35
2022-04-30-22-18,36
2022-04-30-22-19,37
2022-04-30-22-20,38
2022-04-30-22-21,38
2022-04-30-22-22,37
2022-04-30-22-23,36
2022-04-30-22-24,36
2022-04-30-22-25,35
2022-04-30-22-26,35
2022-04-30-22-27,35
2022-04-30-22-28,37
2022-04-30-22-29,34
2022-04-30-22-30,34
2022-04-30-22-31,33
2022-04-30-22-32,32
2022-04-30-22-33,32
2022-04-30-22-34,32
2022-04-30-22-35,31
2022-04-30-22-36,31
2022-04-30-22-37,30
2022-04-30-22-38,32
2022-04-30-22-39,33
2022-04-30-22-40,33
2022-04-30-22-41,32
2022-04-30-22-42,32
2022-04-30-22-43,33
2022-04-30-22-44,33
2022-04-30-22-45,35
2022-04-30-22-46,38
2022-04-30-22-47,39
2022-04-30-22-48,38
2022-04-30-22-49,38
2022-04-30-22-50,34
2022-04-30-22-51,34
2022-04-30-22-52,36
2022-04-30-22-53,35
2022-04-30-22-54,35
2022-04-30-22-55,35
2022-04-30-22-56,35
2022-04-30-22-57,35
2022-04-30-22-58,35
2022-04-30-22-59,35
2022-04-30-23-00,35
2022-04-30-23-01,35
2022-04-30-23-02,36
2022-04-30-23-03,37
2022-04-30-23-04,37
2022-04-30-23-05,35
2022-04-30-23-06,35
2022-04-30-23-07,34
2022-04-30-23-08,34
2022-04-30-23-09,35
2022-04-30-23-10,34
2022-04-30-23-11,34
2022-04-30-23-12,34
2022-04-30-23-13,35
2022-04-30-23-14,33
2022-04-30-23-15,33
2022-04-30-23-16,34
2022-04-30-23-17,34
2022-04-30-23-18,33
2022-04-30-23-19,32
2022-04-30-23-20,32
2022-04-30-23-21,32
2022-04-30-23-22,32
2022-04-30-23-23,32
2022-04-30-23-24,33
2022-04-30-23-25,33
2022-04-30-23-26,33
2022-04-30-23-27,32
2022-04-30-23-28,33
2022-04-30-23-29,34
2022-04-30-23-30,34
2022-04-30-23-31,37
2022-04-30-23-32,38
2022-04-30-23-33,38
2022-04-30-23-34,38
2022-04-30-23-35,38
2022-04-30-23-36,38
2022-04-30-23-37,38
2022-04-30-23-38,37
2022-04-30-23-39,36
2022-04-30-23-40,35
2022-04-30-23-41,35
2022-04-30-23-42,35
2022-04-30-23-43,35
2022-04-30-23-44,34
2022-04-30-23-45,35
2022-04-30-23-46,32
2022-04-30-23-47,33
2022-04-30-23-48,32
2022-04-30-23-49,32
2022-04-30-23-50,32
2022-04-30-23-51,32
2022-04-30-23-52,32
2022-04-30-23-53,31
2022-04-30-23-54,31
2022-04-30-23-55,31
2022-04-30-23-56,31
2022-04-30-23-57,30
2022-04-30-23-58,30
2022-04-30-23-59,29
2022-05-01-00-00,28
2022-05-01-00-01,27
2022-05-01-00-02,27
2022-05-01-00-03,28
2022-05-01-00-04,29
2022-05-01-00-05,29
2022-05-01-00-06,29
2022-05-01-00-07,29
2022-05-01-00-08,29
2022-05-01-00-09,29
2022-05-01-00-10,29
2022-05-01-00-11,30
2022-05-01-00-12,29
2022-05-01-00-13,28
2022-05-01-00-14,29
2022-05-01-00-15,29
2022-05-01-00-16,27
2022-05-01-00-17,27
2022-05-01-00-18,26
2022-05-01-00-19,25
2022-05-01-00-20,26
2022-05-01-00-21,25
2022-05-01-00-22,25
2022-05-01-00-23,25
2022-05-01-00-24,26
2022-05-01-00-25,25
2022-05-01-00-26,25
2022-05-01-00-27,25
2022-05-01-00-28,25
2022-05-01-00-29,24
2022-05-01-00-30,24
2022-05-01-00-31,22
2022-05-01-00-32,20
2022-05-01-00-33,20
2022-05-01-00-35,22
2022-05-01-00-36,20
2022-05-01-00-37,20
2022-05-01-00-38,20
2022-05-01-00-39,20
2022-05-01-00-40,20
2022-05-01-00-41,20
2022-05-01-00-42,20
2022-05-01-00-43,19
2022-05-01-00-44,19
2022-05-01-00-45,19
2022-05-01-00-46,19
2022-05-01-00-47,18
2022-05-01-00-48,18
2022-05-01-00-49,18
2022-05-01-00-50,18
2022-05-01-00-51,16
2022-05-01-00-52,18
2022-05-01-00-53,18
2022-05-01-00-54,18
2022-05-01-00-55,18
2022-05-01-00-56,19
2022-05-01-00-57,18
2022-05-01-00-58,19
2022-05-01-00-59,19
2022-05-01-01-00,19
2022-05-01-01-01,20
2022-05-01-01-02,21
2022-05-01-01-03,21
2022-05-01-01-04,22
2022-05-01-01-05,22
2022-05-01-01-06,21
2022-05-01-01-07,22
2022-05-01-01-08,22
2022-05-01-01-09,23
2022-05-01-01-10,23
2022-05-01-01-11,23
2022-05-01-01-12,22
2022-05-01-01-13,22
2022-05-01-01-14,22
2022-05-01-01-15,22
2022-05-01-01-16,22
2022-05-01-01-17,22
2022-05-01-01-18,23
2022-05-01-01-19,22
2022-05-01-01-20,22
2022-05-01-01-21,21
2022-05-01-01-22,21
2022-05-01-01-23,22
2022-05-01-01-24,23
2022-05-01-01-25,24
2022-05-01-01-26,25
2022-05-01-01-27,26
2022-05-01-01-28,26
2022-05-01-01-29,26
2022-05-01-01-30,25
2022-05-01-01-31,25
2022-05-01-01-32,25
2022-05-01-01-33,25
2022-05-01-01-34,25
2022-05-01-01-35,24
2022-05-01-01-36,24
2022-05-01-01-37,24
2022-05-01-01-38,24
2022-05-01-01-39,25
2022-05-01-01-40,26
2022-05-01-01-41,27
2022-05-01-01-42,27
2022-05-01-01-43,27
2022-05-01-01-44,27
2022-05-01-01-45,27
2022-05-01-01-46,27
2022-05-01-01-47,27
2022-05-01-01-48,27
2022-05-01-01-49,26
2022-05-01-01-50,26
2022-05-01-01-51,25
2022-05-01-01-52,23
2022-05-01-01-53,23
2022-05-01-01-54,23
2022-05-01-01-55,23
2022-05-01-01-56,21
2022-05-01-01-57,22
2022-05-01-01-58,21
2022-05-01-01-59,21
2022-05-01-02-00,22
2022-05-01-02-01,21
2022-05-01-02-02,21
2022-05-01-02-03,20
2022-05-01-02-04,19
2022-05-01-02-05,19
2022-05-01-02-06,19
2022-05-01-02-07,19
2022-05-01-02-08,19
2022-05-01-02-09,18
2022-05-01-02-10,21
2022-05-01-02-11,21
2022-05-01-02-12,21
2022-05-01-02-13,21
2022-05-01-02-14,21
2022-05-01-02-15,21
2022-05-01-02-16,21
2022-05-01-02-17,20
2022-05-01-02-18,20
2022-05-01-02-19,20
2022-05-01-02-20,19
2022-05-01-02-21,19
2022-05-01-02-22,20
2022-05-01-02-23,19
2022-05-01-02-24,18
2022-05-01-02-25,17
2022-05-01-02-26,16
2022-05-01-02-27,15
2022-05-01-02-28,14
2022-05-01-02-29,14
2022-05-01-02-30,14
2022-05-01-02-31,15
2022-05-01-02-32,16
2022-05-01-02-33,16
2022-05-01-02-34,16
2022-05-01-02-35,16
2022-05-01-02-36,16
2022-05-01-02-37,16
2022-05-01-02-38,16
2022-05-01-02-39,17
2022-05-01-02-40,16
2022-05-01-02-41,16
2022-05-01-02-42,15
2022-05-01-02-43,15
2022-05-01-02-44,15
2022-05-01-02-45,16
2022-05-01-02-46,16
2022-05-01-02-47,16
2022-05-01-02-48,16
2022-05-01-02-49,17
2022-05-01-02-50,17
2022-05-01-02-51,17
2022-05-01-02-52,17
2022-05-01-02-53,17
2022-05-01-02-54,17
2022-05-01-02-55,17
2022-05-01-02-56,17
2022-05-01-02-57,16
2022-05-01-02-58,16
2022-05-01-02-59,16
2022-05-01-03-00,15
2022-05-01-03-01,15
2022-05-01-03-02,15
2022-05-01-03-03,16
2022-05-01-03-04,16
2022-05-01-03-05,17
2022-05-01-03-06,17
2022-05-01-03-07,17
2022-05-01-03-08,17
2022-05-01-03-09,17
2022-05-01-03-10,17
2022-05-01-03-11,17
2022-05-01-03-12,18
2022-05-01-03-13,19
2022-05-01-03-14,19
2022-05-01-03-15,19
2022-05-01-03-16,19
2022-05-01-03-17,20
2022-05-01-03-18,20
2022-05-01-03-19,20
2022-05-01-03-20,20
2022-05-01-03-21,20
2022-05-01-03-22,19
2022-05-01-03-23,19
2022-05-01-03-24,19
2022-05-01-03-25,19
2022-05-01-03-26,19
2022-05-01-03-27,19
2022-05-01-03-28,19
2022-05-01-03-29,19
2022-05-01-03-30,19
2022-05-01-03-31,18
2022-05-01-03-32,19
2022-05-01-03-33,19
2022-05-01-03-34,19
2022-05-01-03-35,18
2022-05-01-03-36,19
2022-05-01-03-37,19
2022-05-01-03-38,19
2022-05-01-03-39,18
2022-05-01-03-40,18
2022-05-01-03-41,18
2022-05-01-03-42,18
2022-05-01-03-43,18
2022-05-01-03-44,18
2022-05-01-03-45,17
2022-05-01-03-46,17
2022-05-01-03-47,17
2022-05-01-03-48,17
2022-05-01-03-49,17
2022-05-01-03-50,17
2022-05-01-03-51,17
2022-05-01-03-52,17
2022-05-01-03-53,17
2022-05-01-03-54,18
2022-05-01-03-55,18
2022-05-01-03-56,18
2022-05-01-03-57,18
2022-05-01-03-58,18
2022-05-01-03-59,19
2022-05-01-04-00,19
2022-05-01-04-01,19
2022-05-01-04-02,19
2022-05-01-04-03,19
2022-05-01-04-04,18
2022-05-01-04-05,17
2022-05-01-04-06,18
2022-05-01-04-07,18
2022-05-01-04-08,18
2022-05-01-04-09,18
2022-05-01-04-10,17
2022-05-01-04-11,17
2022-05-01-04-12,16
2022-05-01-04-13,15
2022-05-01-04-14,15
2022-05-01-04-15,15
2022-05-01-04-16,14
2022-05-01-04-17,14
2022-05-01-04-18,13
2022-05-01-04-19,13
2022-05-01-04-20,13
2022-05-01-04-21,13
2022-05-01-04-22,13
2022-05-01-04-23,14
2022-05-01-04-24,13
2022-05-01-04-25,13
2022-05-01-04-26,14
2022-05-01-04-27,14
2022-05-01-04-28,14
2022-05-01-04-29,14
2022-05-01-04-30,14
2022-05-01-04-31,14
2022-05-01-04-32,14
2022-05-01-04-33,15
2022-05-01-04-34,15
2022-05-01-04-35,15
2022-05-01-04-36,14
2022-05-01-04-37,13
2022-05-01-04-38,13
2022-05-01-04-39,13
2022-05-01-04-40,13
2022-05-01-04-41,14
2022-05-01-04-42,14
2022-05-01-04-43,14
2022-05-01-04-44,13
2022-05-01-04-45,13
2022-05-01-04-46,13
2022-05-01-04-47,13
2022-05-01-04-48,13
2022-05-01-04-49,13
2022-05-01-04-50,12
2022-05-01-04-51,12
2022-05-01-04-52,12
2022-05-01-04-53,12
2022-05-01-04-54,12
2022-05-01-04-55,12
2022-05-01-04-56,12
2022-05-01-04-57,12
2022-05-01-04-58,12
2022-05-01-04-59,12
2022-05-01-05-00,13
2022-05-01-05-01,13
2022-05-01-05-02,13
2022-05-01-05-03,13
2022-05-01-05-04,13
2022-05-01-05-05,13
2022-05-01-05-06,13
2022-05-01-05-07,13
